{"numFailedTestSuites":0,"numFailedTests":0,"numPassedTestSuites":4,"numPassedTests":17,"numPendingTestSuites":0,"numPendingTests":0,"numRuntimeErrorTestSuites":0,"numTodoTests":0,"numTotalTestSuites":4,"numTotalTests":17,"openHandles":[],"snapshot":{"added":0,"didUpdate":false,"failure":false,"filesAdded":0,"filesRemoved":0,"filesRemovedList":[],"filesUnmatched":0,"filesUpdated":0,"matched":0,"total":0,"unchecked":0,"uncheckedKeysByFile":[],"unmatched":0,"updated":0},"startTime":1750263268375,"success":true,"testResults":[{"assertionResults":[{"ancestorTitles":["MobileLineChart"],"duration":59,"failing":false,"failureDetails":[],"failureMessages":[],"fullName":"MobileLineChart renders correctly with data and all lines","invocations":1,"location":null,"numPassingAsserts":14,"retryReasons":[],"startAt":1750263271473,"status":"passed","title":"renders correctly with data and all lines"},{"ancestorTitles":["MobileLineChart"],"duration":9,"failing":false,"failureDetails":[],"failureMessages":[],"fullName":"MobileLineChart renders fallback message when no data is provided","invocations":1,"location":null,"numPassingAsserts":1,"retryReasons":[],"startAt":1750263271533,"status":"passed","title":"renders fallback message when no data is provided"},{"ancestorTitles":["MobileLineChart"],"duration":3,"failing":false,"failureDetails":[],"failureMessages":[],"fullName":"MobileLineChart renders fallback message when data is null","invocations":1,"location":null,"numPassingAsserts":1,"retryReasons":[],"startAt":1750263271543,"status":"passed","title":"renders fallback message when data is null"},{"ancestorTitles":["MobileLineChart"],"duration":6,"failing":false,"failureDetails":[],"failureMessages":[],"fullName":"MobileLineChart renders without reference lines if props are not provided","invocations":1,"location":null,"numPassingAsserts":2,"retryReasons":[],"startAt":1750263271546,"status":"passed","title":"renders without reference lines if props are not provided"}],"endTime":1750263271553,"message":"","name":"/app/src/Components/MobileLineChart.test.js","startTime":1750263269666,"status":"passed","summary":""},{"assertionResults":[{"ancestorTitles":["RotaryDial"],"duration":15,"failing":false,"failureDetails":[],"failureMessages":[],"fullName":"RotaryDial renders correctly with initial value","invocations":1,"location":null,"numPassingAsserts":1,"retryReasons":[],"startAt":1750263271757,"status":"passed","title":"renders correctly with initial value"},{"ancestorTitles":["RotaryDial"],"duration":16,"failing":false,"failureDetails":[],"failureMessages":[],"fullName":"RotaryDial calls onChange with the correct value on interaction (simplified test)","invocations":1,"location":null,"numPassingAsserts":1,"retryReasons":[],"startAt":1750263271772,"status":"passed","title":"calls onChange with the correct value on interaction (simplified test)"},{"ancestorTitles":["RotaryDial"],"duration":8,"failing":false,"failureDetails":[],"failureMessages":[],"fullName":"RotaryDial displays updated value correctly","invocations":1,"location":null,"numPassingAsserts":2,"retryReasons":[],"startAt":1750263271788,"status":"passed","title":"displays updated value correctly"},{"ancestorTitles":["RotaryDial"],"duration":6,"failing":false,"failureDetails":[],"failureMessages":[],"fullName":"RotaryDial respects min, max, and step props (conceptual - requires specific interaction)","invocations":1,"location":null,"numPassingAsserts":2,"retryReasons":[],"startAt":1750263271796,"status":"passed","title":"respects min, max, and step props (conceptual - requires specific interaction)"}],"endTime":1750263271803,"message":"","name":"/app/src/Components/ui/RotaryDial.test.js","startTime":1750263271583,"status":"passed","summary":""},{"assertionResults":[{"ancestorTitles":["FinancialPlanner"],"duration":233,"failing":false,"failureDetails":[],"failureMessages":[],"fullName":"FinancialPlanner renders the main component and tabs","invocations":1,"location":null,"numPassingAsserts":3,"retryReasons":[],"startAt":1750263271394,"status":"passed","title":"renders the main component and tabs"},{"ancestorTitles":["FinancialPlanner"],"duration":69,"failing":false,"failureDetails":[],"failureMessages":[],"fullName":"FinancialPlanner renders Retirement Readiness section correctly","invocations":1,"location":null,"numPassingAsserts":7,"retryReasons":[],"startAt":1750263271628,"status":"passed","title":"renders Retirement Readiness section correctly"},{"ancestorTitles":["FinancialPlanner"],"duration":66,"failing":false,"failureDetails":[],"failureMessages":[],"fullName":"FinancialPlanner StatCard renders correctly with props","invocations":1,"location":null,"numPassingAsserts":3,"retryReasons":[],"startAt":1750263271697,"status":"passed","title":"StatCard renders correctly with props"},{"ancestorTitles":["FinancialPlanner"],"duration":55,"failing":false,"failureDetails":[],"failureMessages":[],"fullName":"FinancialPlanner input changes update state and trigger recalculations (conceptual)","invocations":1,"location":null,"numPassingAsserts":2,"retryReasons":[],"startAt":1750263271763,"status":"passed","title":"input changes update state and trigger recalculations (conceptual)"},{"ancestorTitles":["FinancialPlanner"],"duration":45,"failing":false,"failureDetails":[],"failureMessages":[],"fullName":"FinancialPlanner numberToWords text color is text-muted-foreground","invocations":1,"location":null,"numPassingAsserts":1,"retryReasons":[],"startAt":1750263271819,"status":"passed","title":"numberToWords text color is text-muted-foreground"}],"endTime":1750263271866,"message":"","name":"/app/src/Components/FinancialPlanner.test.js","startTime":1750263269632,"status":"passed","summary":""},{"assertionResults":[{"ancestorTitles":["MobileFinancialPlanner"],"duration":194,"failing":false,"failureDetails":[],"failureMessages":[],"fullName":"MobileFinancialPlanner renders initial components and tabs correctly","invocations":1,"location":null,"numPassingAsserts":5,"retryReasons":[],"startAt":1750263271530,"status":"passed","title":"renders initial components and tabs correctly"},{"ancestorTitles":["MobileFinancialPlanner"],"duration":47,"failing":false,"failureDetails":[],"failureMessages":[],"fullName":"MobileFinancialPlanner switches tabs and renders corresponding RotaryDials","invocations":1,"location":null,"numPassingAsserts":3,"retryReasons":[],"startAt":1750263271725,"status":"passed","title":"switches tabs and renders corresponding RotaryDials"},{"ancestorTitles":["MobileFinancialPlanner"],"duration":61,"failing":false,"failureDetails":[],"failureMessages":[],"fullName":"MobileFinancialPlanner updates state and chart data on RotaryDial interaction","invocations":1,"location":null,"numPassingAsserts":3,"retryReasons":[],"startAt":1750263271773,"status":"passed","title":"updates state and chart data on RotaryDial interaction"},{"ancestorTitles":["MobileFinancialPlanner"],"duration":39,"failing":false,"failureDetails":[],"failureMessages":[],"fullName":"MobileFinancialPlanner renders Retirement Readiness section with initial values","invocations":1,"location":null,"numPassingAsserts":4,"retryReasons":[],"startAt":1750263271835,"status":"passed","title":"renders Retirement Readiness section with initial values"}],"endTime":1750263271877,"message":"","name":"/app/src/Components/MobileFinancialPlanner.test.js","startTime":1750263269721,"status":"passed","summary":""}],"wasInterrupted":false,"coverageMap":{"/app/src/Components/MobileLineChart.js":{"path":"/app/src/Components/MobileLineChart.js","statementMap":{"0":{"start":{"line":6,"column":24},"end":{"line":50,"column":1}},"1":{"start":{"line":7,"column":2},"end":{"line":13,"column":3}},"2":{"start":{"line":8,"column":4},"end":{"line":12,"column":6}},"3":{"start":{"line":15,"column":2},"end":{"line":49,"column":4}},"4":{"start":{"line":27,"column":36},"end":{"line":27,"column":57}},"5":{"start":{"line":33,"column":38},"end":{"line":33,"column":93}}},"fnMap":{"0":{"name":"(anonymous_0)","decl":{"start":{"line":6,"column":24},"end":{"line":6,"column":25}},"loc":{"start":{"line":6,"column":80},"end":{"line":50,"column":1}},"line":6},"1":{"name":"(anonymous_1)","decl":{"start":{"line":27,"column":25},"end":{"line":27,"column":26}},"loc":{"start":{"line":27,"column":36},"end":{"line":27,"column":57}},"line":27},"2":{"name":"(anonymous_2)","decl":{"start":{"line":33,"column":21},"end":{"line":33,"column":22}},"loc":{"start":{"line":33,"column":38},"end":{"line":33,"column":93}},"line":33}},"branchMap":{"0":{"loc":{"start":{"line":7,"column":2},"end":{"line":13,"column":3}},"type":"if","locations":[{"start":{"line":7,"column":2},"end":{"line":13,"column":3}},{"start":{},"end":{}}],"line":7},"1":{"loc":{"start":{"line":7,"column":6},"end":{"line":7,"column":32}},"type":"binary-expr","locations":[{"start":{"line":7,"column":6},"end":{"line":7,"column":11}},{"start":{"line":7,"column":15},"end":{"line":7,"column":32}}],"line":7},"2":{"loc":{"start":{"line":33,"column":42},"end":{"line":33,"column":84}},"type":"cond-expr","locations":[{"start":{"line":33,"column":57},"end":{"line":33,"column":76}},{"start":{"line":33,"column":79},"end":{"line":33,"column":84}}],"line":33},"3":{"loc":{"start":{"line":45,"column":9},"end":{"line":45,"column":178}},"type":"binary-expr","locations":[{"start":{"line":45,"column":9},"end":{"line":45,"column":22}},{"start":{"line":45,"column":26},"end":{"line":45,"column":178}}],"line":45},"4":{"loc":{"start":{"line":46,"column":9},"end":{"line":46,"column":175}},"type":"binary-expr","locations":[{"start":{"line":46,"column":9},"end":{"line":46,"column":20}},{"start":{"line":46,"column":24},"end":{"line":46,"column":175}}],"line":46}},"s":{"0":1,"1":4,"2":2,"3":2,"4":0,"5":0},"f":{"0":4,"1":0,"2":0},"b":{"0":[2,2],"1":[4,3],"2":[0,0],"3":[2,1],"4":[2,1]},"_coverageSchema":"1a1c01bbd47fc00a2c39e90264f33305004495a9","hash":"21c35f940f9d68757c9588718161daf88fa80296"},"/app/src/Components/ui/RotaryDial.js":{"path":"/app/src/Components/ui/RotaryDial.js","statementMap":{"0":{"start":{"line":5,"column":19},"end":{"line":104,"column":1}},"1":{"start":{"line":6,"column":18},"end":{"line":6,"column":30}},"2":{"start":{"line":7,"column":28},"end":{"line":7,"column":39}},"3":{"start":{"line":9,"column":28},"end":{"line":12,"column":3}},"4":{"start":{"line":10,"column":23},"end":{"line":10,"column":56}},"5":{"start":{"line":11,"column":4},"end":{"line":11,"column":36}},"6":{"start":{"line":14,"column":28},"end":{"line":19,"column":3}},"7":{"start":{"line":15,"column":23},"end":{"line":15,"column":40}},"8":{"start":{"line":16,"column":14},"end":{"line":16,"column":44}},"9":{"start":{"line":17,"column":4},"end":{"line":17,"column":40}},"10":{"start":{"line":18,"column":4},"end":{"line":18,"column":45}},"11":{"start":{"line":21,"column":2},"end":{"line":23,"column":24}},"12":{"start":{"line":22,"column":4},"end":{"line":22,"column":39}},"13":{"start":{"line":25,"column":28},"end":{"line":51,"column":3}},"14":{"start":{"line":26,"column":4},"end":{"line":26,"column":33}},"15":{"start":{"line":26,"column":26},"end":{"line":26,"column":33}},"16":{"start":{"line":28,"column":17},"end":{"line":28,"column":56}},"17":{"start":{"line":29,"column":20},"end":{"line":29,"column":46}},"18":{"start":{"line":30,"column":20},"end":{"line":30,"column":46}},"19":{"start":{"line":33,"column":4},"end":{"line":39,"column":5}},"20":{"start":{"line":34,"column":6},"end":{"line":34,"column":41}},"21":{"start":{"line":35,"column":6},"end":{"line":35,"column":41}},"22":{"start":{"line":37,"column":6},"end":{"line":37,"column":30}},"23":{"start":{"line":38,"column":6},"end":{"line":38,"column":30}},"24":{"start":{"line":41,"column":19},"end":{"line":41,"column":36}},"25":{"start":{"line":42,"column":19},"end":{"line":42,"column":36}},"26":{"start":{"line":44,"column":19},"end":{"line":44,"column":63}},"27":{"start":{"line":45,"column":4},"end":{"line":45,"column":43}},"28":{"start":{"line":47,"column":21},"end":{"line":47,"column":48}},"29":{"start":{"line":48,"column":4},"end":{"line":50,"column":5}},"30":{"start":{"line":49,"column":6},"end":{"line":49,"column":25}},"31":{"start":{"line":53,"column":26},"end":{"line":57,"column":3}},"32":{"start":{"line":54,"column":4},"end":{"line":54,"column":23}},"33":{"start":{"line":55,"column":4},"end":{"line":55,"column":60}},"34":{"start":{"line":56,"column":4},"end":{"line":56,"column":56}},"35":{"start":{"line":59,"column":26},"end":{"line":61,"column":3}},"36":{"start":{"line":60,"column":4},"end":{"line":60,"column":25}},"37":{"start":{"line":63,"column":24},"end":{"line":66,"column":3}},"38":{"start":{"line":64,"column":4},"end":{"line":64,"column":63}},"39":{"start":{"line":65,"column":4},"end":{"line":65,"column":59}},"40":{"start":{"line":68,"column":27},"end":{"line":71,"column":3}},"41":{"start":{"line":69,"column":4},"end":{"line":69,"column":80}},"42":{"start":{"line":70,"column":4},"end":{"line":70,"column":58}},"43":{"start":{"line":73,"column":26},"end":{"line":76,"column":3}},"44":{"start":{"line":74,"column":4},"end":{"line":74,"column":23}},"45":{"start":{"line":75,"column":4},"end":{"line":75,"column":25}},"46":{"start":{"line":78,"column":25},"end":{"line":81,"column":3}},"47":{"start":{"line":79,"column":4},"end":{"line":79,"column":63}},"48":{"start":{"line":80,"column":4},"end":{"line":80,"column":61}},"49":{"start":{"line":84,"column":2},"end":{"line":103,"column":4}}},"fnMap":{"0":{"name":"(anonymous_0)","decl":{"start":{"line":5,"column":19},"end":{"line":5,"column":20}},"loc":{"start":{"line":5,"column":74},"end":{"line":104,"column":1}},"line":5},"1":{"name":"(anonymous_1)","decl":{"start":{"line":9,"column":28},"end":{"line":9,"column":29}},"loc":{"start":{"line":9,"column":37},"end":{"line":12,"column":3}},"line":9},"2":{"name":"(anonymous_2)","decl":{"start":{"line":14,"column":28},"end":{"line":14,"column":29}},"loc":{"start":{"line":14,"column":37},"end":{"line":19,"column":3}},"line":14},"3":{"name":"(anonymous_3)","decl":{"start":{"line":21,"column":12},"end":{"line":21,"column":13}},"loc":{"start":{"line":21,"column":18},"end":{"line":23,"column":3}},"line":21},"4":{"name":"(anonymous_4)","decl":{"start":{"line":25,"column":28},"end":{"line":25,"column":29}},"loc":{"start":{"line":25,"column":39},"end":{"line":51,"column":3}},"line":25},"5":{"name":"(anonymous_5)","decl":{"start":{"line":53,"column":26},"end":{"line":53,"column":27}},"loc":{"start":{"line":53,"column":33},"end":{"line":57,"column":3}},"line":53},"6":{"name":"(anonymous_6)","decl":{"start":{"line":59,"column":26},"end":{"line":59,"column":27}},"loc":{"start":{"line":59,"column":33},"end":{"line":61,"column":3}},"line":59},"7":{"name":"(anonymous_7)","decl":{"start":{"line":63,"column":24},"end":{"line":63,"column":25}},"loc":{"start":{"line":63,"column":30},"end":{"line":66,"column":3}},"line":63},"8":{"name":"(anonymous_8)","decl":{"start":{"line":68,"column":27},"end":{"line":68,"column":28}},"loc":{"start":{"line":68,"column":34},"end":{"line":71,"column":3}},"line":68},"9":{"name":"(anonymous_9)","decl":{"start":{"line":73,"column":26},"end":{"line":73,"column":27}},"loc":{"start":{"line":73,"column":33},"end":{"line":76,"column":3}},"line":73},"10":{"name":"(anonymous_10)","decl":{"start":{"line":78,"column":25},"end":{"line":78,"column":26}},"loc":{"start":{"line":78,"column":31},"end":{"line":81,"column":3}},"line":78}},"branchMap":{"0":{"loc":{"start":{"line":5,"column":39},"end":{"line":5,"column":46}},"type":"default-arg","locations":[{"start":{"line":5,"column":45},"end":{"line":5,"column":46}}],"line":5},"1":{"loc":{"start":{"line":5,"column":48},"end":{"line":5,"column":57}},"type":"default-arg","locations":[{"start":{"line":5,"column":54},"end":{"line":5,"column":57}}],"line":5},"2":{"loc":{"start":{"line":5,"column":59},"end":{"line":5,"column":67}},"type":"default-arg","locations":[{"start":{"line":5,"column":66},"end":{"line":5,"column":67}}],"line":5},"3":{"loc":{"start":{"line":26,"column":4},"end":{"line":26,"column":33}},"type":"if","locations":[{"start":{"line":26,"column":4},"end":{"line":26,"column":33}},{"start":{},"end":{}}],"line":26},"4":{"loc":{"start":{"line":33,"column":4},"end":{"line":39,"column":5}},"type":"if","locations":[{"start":{"line":33,"column":4},"end":{"line":39,"column":5}},{"start":{"line":36,"column":11},"end":{"line":39,"column":5}}],"line":33},"5":{"loc":{"start":{"line":48,"column":4},"end":{"line":50,"column":5}},"type":"if","locations":[{"start":{"line":48,"column":4},"end":{"line":50,"column":5}},{"start":{},"end":{}}],"line":48}},"s":{"0":1,"1":9,"2":9,"3":9,"4":5,"5":5,"6":9,"7":2,"8":2,"9":2,"10":2,"11":9,"12":5,"13":9,"14":2,"15":0,"16":2,"17":2,"18":2,"19":2,"20":0,"21":0,"22":2,"23":2,"24":2,"25":2,"26":2,"27":2,"28":2,"29":2,"30":2,"31":9,"32":2,"33":2,"34":2,"35":9,"36":2,"37":9,"38":2,"39":2,"40":9,"41":0,"42":0,"43":9,"44":0,"45":0,"46":9,"47":0,"48":0,"49":9},"f":{"0":9,"1":5,"2":2,"3":5,"4":2,"5":2,"6":2,"7":2,"8":0,"9":0,"10":0},"b":{"0":[6],"1":[6],"2":[6],"3":[0,2],"4":[0,2],"5":[2,0]},"_coverageSchema":"1a1c01bbd47fc00a2c39e90264f33305004495a9","hash":"0b815f32bd06b1cc048a3e05161968542ba96ea6"},"/app/src/Components/FinancialPlanner.js":{"path":"/app/src/Components/FinancialPlanner.js","statementMap":{"0":{"start":{"line":13,"column":17},"end":{"line":24,"column":1}},"1":{"start":{"line":14,"column":2},"end":{"line":23,"column":9}},"2":{"start":{"line":27,"column":20},"end":{"line":43,"column":1}},"3":{"start":{"line":28,"column":2},"end":{"line":42,"column":8}},"4":{"start":{"line":34,"column":23},"end":{"line":34,"column":53}},"5":{"start":{"line":46,"column":21},"end":{"line":63,"column":1}},"6":{"start":{"line":47,"column":2},"end":{"line":62,"column":8}},"7":{"start":{"line":56,"column":32},"end":{"line":56,"column":46}},"8":{"start":{"line":65,"column":25},"end":{"line":330,"column":1}},"9":{"start":{"line":67,"column":44},"end":{"line":67,"column":59}},"10":{"start":{"line":68,"column":48},"end":{"line":68,"column":63}},"11":{"start":{"line":71,"column":38},"end":{"line":71,"column":53}},"12":{"start":{"line":72,"column":44},"end":{"line":72,"column":56}},"13":{"start":{"line":75,"column":38},"end":{"line":75,"column":55}},"14":{"start":{"line":76,"column":54},"end":{"line":76,"column":66}},"15":{"start":{"line":77,"column":50},"end":{"line":77,"column":61}},"16":{"start":{"line":78,"column":48},"end":{"line":78,"column":60}},"17":{"start":{"line":79,"column":48},"end":{"line":79,"column":59}},"18":{"start":{"line":82,"column":44},"end":{"line":82,"column":56}},"19":{"start":{"line":83,"column":38},"end":{"line":83,"column":50}},"20":{"start":{"line":84,"column":68},"end":{"line":84,"column":83}},"21":{"start":{"line":85,"column":64},"end":{"line":85,"column":82}},"22":{"start":{"line":86,"column":44},"end":{"line":86,"column":55}},"23":{"start":{"line":88,"column":40},"end":{"line":88,"column":52}},"24":{"start":{"line":89,"column":36},"end":{"line":89,"column":51}},"25":{"start":{"line":90,"column":44},"end":{"line":90,"column":55}},"26":{"start":{"line":92,"column":26},"end":{"line":92,"column":38}},"27":{"start":{"line":93,"column":48},"end":{"line":98,"column":4}},"28":{"start":{"line":102,"column":28},"end":{"line":167,"column":3}},"29":{"start":{"line":103,"column":21},"end":{"line":103,"column":23}},"30":{"start":{"line":104,"column":18},"end":{"line":104,"column":19}},"31":{"start":{"line":105,"column":22},"end":{"line":105,"column":23}},"32":{"start":{"line":106,"column":21},"end":{"line":106,"column":22}},"33":{"start":{"line":107,"column":14},"end":{"line":107,"column":24}},"34":{"start":{"line":109,"column":24},"end":{"line":109,"column":63}},"35":{"start":{"line":110,"column":29},"end":{"line":110,"column":49}},"36":{"start":{"line":111,"column":31},"end":{"line":113,"column":67}},"37":{"start":{"line":115,"column":4},"end":{"line":163,"column":5}},"38":{"start":{"line":115,"column":20},"end":{"line":115,"column":21}},"39":{"start":{"line":116,"column":26},"end":{"line":116,"column":77}},"40":{"start":{"line":117,"column":30},"end":{"line":117,"column":45}},"41":{"start":{"line":119,"column":6},"end":{"line":127,"column":7}},"42":{"start":{"line":120,"column":8},"end":{"line":126,"column":9}},"43":{"start":{"line":121,"column":10},"end":{"line":121,"column":33}},"44":{"start":{"line":122,"column":10},"end":{"line":122,"column":48}},"45":{"start":{"line":125,"column":10},"end":{"line":125,"column":19}},"46":{"start":{"line":129,"column":6},"end":{"line":134,"column":7}},"47":{"start":{"line":130,"column":34},"end":{"line":130,"column":57}},"48":{"start":{"line":131,"column":8},"end":{"line":131,"column":43}},"49":{"start":{"line":132,"column":8},"end":{"line":132,"column":82}},"50":{"start":{"line":133,"column":8},"end":{"line":133,"column":43}},"51":{"start":{"line":133,"column":28},"end":{"line":133,"column":43}},"52":{"start":{"line":136,"column":6},"end":{"line":136,"column":31}},"53":{"start":{"line":137,"column":6},"end":{"line":137,"column":47}},"54":{"start":{"line":138,"column":6},"end":{"line":138,"column":39}},"55":{"start":{"line":141,"column":6},"end":{"line":150,"column":7}},"56":{"start":{"line":142,"column":33},"end":{"line":142,"column":97}},"57":{"start":{"line":143,"column":33},"end":{"line":143,"column":54}},"58":{"start":{"line":144,"column":8},"end":{"line":149,"column":9}},"59":{"start":{"line":145,"column":10},"end":{"line":145,"column":42}},"60":{"start":{"line":148,"column":10},"end":{"line":148,"column":26}},"61":{"start":{"line":152,"column":6},"end":{"line":160,"column":9}},"62":{"start":{"line":162,"column":6},"end":{"line":162,"column":12}},"63":{"start":{"line":165,"column":4},"end":{"line":165,"column":24}},"64":{"start":{"line":166,"column":4},"end":{"line":166,"column":41}},"65":{"start":{"line":169,"column":35},"end":{"line":192,"column":3}},"66":{"start":{"line":170,"column":28},"end":{"line":170,"column":91}},"67":{"start":{"line":170,"column":49},"end":{"line":170,"column":72}},"68":{"start":{"line":171,"column":44},"end":{"line":172,"column":67}},"69":{"start":{"line":174,"column":32},"end":{"line":174,"column":33}},"70":{"start":{"line":175,"column":26},"end":{"line":175,"column":41}},"71":{"start":{"line":177,"column":4},"end":{"line":181,"column":5}},"72":{"start":{"line":177,"column":17},"end":{"line":177,"column":43}},"73":{"start":{"line":178,"column":6},"end":{"line":178,"column":38}},"74":{"start":{"line":178,"column":32},"end":{"line":178,"column":38}},"75":{"start":{"line":179,"column":6},"end":{"line":179,"column":50}},"76":{"start":{"line":180,"column":6},"end":{"line":180,"column":30}},"77":{"start":{"line":183,"column":29},"end":{"line":183,"column":122}},"78":{"start":{"line":184,"column":40},"end":{"line":184,"column":104}},"79":{"start":{"line":186,"column":4},"end":{"line":191,"column":7}},"80":{"start":{"line":194,"column":2},"end":{"line":198,"column":113}},"81":{"start":{"line":195,"column":4},"end":{"line":195,"column":26}},"82":{"start":{"line":200,"column":23},"end":{"line":202,"column":3}},"83":{"start":{"line":201,"column":4},"end":{"line":201,"column":122}},"84":{"start":{"line":204,"column":2},"end":{"line":329,"column":4}},"85":{"start":{"line":305,"column":42},"end":{"line":305,"column":63}},"86":{"start":{"line":311,"column":44},"end":{"line":311,"column":71}}},"fnMap":{"0":{"name":"(anonymous_0)","decl":{"start":{"line":13,"column":17},"end":{"line":13,"column":18}},"loc":{"start":{"line":14,"column":2},"end":{"line":23,"column":9}},"line":14},"1":{"name":"(anonymous_1)","decl":{"start":{"line":27,"column":20},"end":{"line":27,"column":21}},"loc":{"start":{"line":28,"column":2},"end":{"line":42,"column":8}},"line":28},"2":{"name":"(anonymous_2)","decl":{"start":{"line":34,"column":16},"end":{"line":34,"column":17}},"loc":{"start":{"line":34,"column":23},"end":{"line":34,"column":53}},"line":34},"3":{"name":"(anonymous_3)","decl":{"start":{"line":46,"column":21},"end":{"line":46,"column":22}},"loc":{"start":{"line":47,"column":2},"end":{"line":62,"column":8}},"line":47},"4":{"name":"(anonymous_4)","decl":{"start":{"line":56,"column":23},"end":{"line":56,"column":24}},"loc":{"start":{"line":56,"column":32},"end":{"line":56,"column":46}},"line":56},"5":{"name":"(anonymous_5)","decl":{"start":{"line":65,"column":25},"end":{"line":65,"column":26}},"loc":{"start":{"line":65,"column":31},"end":{"line":330,"column":1}},"line":65},"6":{"name":"(anonymous_6)","decl":{"start":{"line":102,"column":28},"end":{"line":102,"column":29}},"loc":{"start":{"line":102,"column":34},"end":{"line":167,"column":3}},"line":102},"7":{"name":"(anonymous_7)","decl":{"start":{"line":169,"column":35},"end":{"line":169,"column":36}},"loc":{"start":{"line":169,"column":51},"end":{"line":192,"column":3}},"line":169},"8":{"name":"(anonymous_8)","decl":{"start":{"line":170,"column":44},"end":{"line":170,"column":45}},"loc":{"start":{"line":170,"column":49},"end":{"line":170,"column":72}},"line":170},"9":{"name":"(anonymous_9)","decl":{"start":{"line":194,"column":12},"end":{"line":194,"column":13}},"loc":{"start":{"line":194,"column":18},"end":{"line":196,"column":3}},"line":194},"10":{"name":"(anonymous_10)","decl":{"start":{"line":200,"column":23},"end":{"line":200,"column":24}},"loc":{"start":{"line":200,"column":34},"end":{"line":202,"column":3}},"line":200},"11":{"name":"(anonymous_11)","decl":{"start":{"line":305,"column":31},"end":{"line":305,"column":32}},"loc":{"start":{"line":305,"column":42},"end":{"line":305,"column":63}},"line":305},"12":{"name":"(anonymous_12)","decl":{"start":{"line":311,"column":27},"end":{"line":311,"column":28}},"loc":{"start":{"line":311,"column":44},"end":{"line":311,"column":71}},"line":311}},"branchMap":{"0":{"loc":{"start":{"line":21,"column":7},"end":{"line":21,"column":84}},"type":"binary-expr","locations":[{"start":{"line":21,"column":7},"end":{"line":21,"column":18}},{"start":{"line":21,"column":22},"end":{"line":21,"column":84}}],"line":21},"1":{"loc":{"start":{"line":27,"column":53},"end":{"line":27,"column":68}},"type":"default-arg","locations":[{"start":{"line":27,"column":63},"end":{"line":27,"column":68}}],"line":27},"2":{"loc":{"start":{"line":37,"column":5},"end":{"line":41,"column":5}},"type":"cond-expr","locations":[{"start":{"line":38,"column":6},"end":{"line":38,"column":83}},{"start":{"line":40,"column":6},"end":{"line":40,"column":73}}],"line":37},"3":{"loc":{"start":{"line":119,"column":6},"end":{"line":127,"column":7}},"type":"if","locations":[{"start":{"line":119,"column":6},"end":{"line":127,"column":7}},{"start":{},"end":{}}],"line":119},"4":{"loc":{"start":{"line":120,"column":8},"end":{"line":126,"column":9}},"type":"if","locations":[{"start":{"line":120,"column":8},"end":{"line":126,"column":9}},{"start":{"line":123,"column":15},"end":{"line":126,"column":9}}],"line":120},"5":{"loc":{"start":{"line":129,"column":6},"end":{"line":134,"column":7}},"type":"if","locations":[{"start":{"line":129,"column":6},"end":{"line":134,"column":7}},{"start":{},"end":{}}],"line":129},"6":{"loc":{"start":{"line":133,"column":8},"end":{"line":133,"column":43}},"type":"if","locations":[{"start":{"line":133,"column":8},"end":{"line":133,"column":43}},{"start":{},"end":{}}],"line":133},"7":{"loc":{"start":{"line":141,"column":6},"end":{"line":150,"column":7}},"type":"if","locations":[{"start":{"line":141,"column":6},"end":{"line":150,"column":7}},{"start":{},"end":{}}],"line":141},"8":{"loc":{"start":{"line":144,"column":8},"end":{"line":149,"column":9}},"type":"if","locations":[{"start":{"line":144,"column":8},"end":{"line":149,"column":9}},{"start":{"line":146,"column":15},"end":{"line":149,"column":9}}],"line":144},"9":{"loc":{"start":{"line":159,"column":19},"end":{"line":159,"column":120}},"type":"cond-expr","locations":[{"start":{"line":159,"column":40},"end":{"line":159,"column":116}},{"start":{"line":159,"column":119},"end":{"line":159,"column":120}}],"line":159},"10":{"loc":{"start":{"line":170,"column":28},"end":{"line":170,"column":91}},"type":"binary-expr","locations":[{"start":{"line":170,"column":28},"end":{"line":170,"column":86}},{"start":{"line":170,"column":90},"end":{"line":170,"column":91}}],"line":170},"11":{"loc":{"start":{"line":178,"column":6},"end":{"line":178,"column":38}},"type":"if","locations":[{"start":{"line":178,"column":6},"end":{"line":178,"column":38}},{"start":{},"end":{}}],"line":178},"12":{"loc":{"start":{"line":265,"column":54},"end":{"line":265,"column":143}},"type":"cond-expr","locations":[{"start":{"line":265,"column":107},"end":{"line":265,"column":123}},{"start":{"line":265,"column":126},"end":{"line":265,"column":143}}],"line":265},"13":{"loc":{"start":{"line":281,"column":26},"end":{"line":281,"column":165}},"type":"cond-expr","locations":[{"start":{"line":281,"column":65},"end":{"line":281,"column":115}},{"start":{"line":281,"column":118},"end":{"line":281,"column":165}}],"line":281},"14":{"loc":{"start":{"line":282,"column":33},"end":{"line":282,"column":139}},"type":"cond-expr","locations":[{"start":{"line":282,"column":72},"end":{"line":282,"column":106}},{"start":{"line":282,"column":109},"end":{"line":282,"column":139}}],"line":282}},"s":{"0":1,"1":24,"2":1,"3":192,"4":1,"5":1,"6":12,"7":0,"8":1,"9":13,"10":12,"11":12,"12":12,"13":12,"14":12,"15":12,"16":12,"17":12,"18":12,"19":12,"20":12,"21":12,"22":12,"23":12,"24":12,"25":12,"26":12,"27":12,"28":12,"29":6,"30":6,"31":6,"32":6,"33":6,"34":6,"35":6,"36":6,"37":6,"38":6,"39":366,"40":366,"41":366,"42":6,"43":1,"44":1,"45":5,"46":361,"47":21,"48":21,"49":21,"50":21,"51":1,"52":361,"53":361,"54":361,"55":361,"56":181,"57":181,"58":181,"59":181,"60":0,"61":361,"62":361,"63":6,"64":6,"65":12,"66":6,"67":186,"68":6,"69":6,"70":6,"71":6,"72":6,"73":181,"74":0,"75":181,"76":181,"77":6,"78":6,"79":6,"80":12,"81":6,"82":12,"83":36,"84":12,"85":0,"86":0},"f":{"0":24,"1":192,"2":1,"3":12,"4":0,"5":13,"6":6,"7":6,"8":186,"9":6,"10":36,"11":0,"12":0},"b":{"0":[24,24],"1":[108],"2":[84,108],"3":[6,360],"4":[1,5],"5":[21,340],"6":[1,20],"7":[181,180],"8":[181,0],"9":[181,180],"10":[6,0],"11":[0,181],"12":[7,5],"13":[0,12],"14":[0,12]},"_coverageSchema":"1a1c01bbd47fc00a2c39e90264f33305004495a9","hash":"11a635c20d09a58d3752c89f0275f44a259507a5"},"/app/src/Components/MobileFinancialPlanner.js":{"path":"/app/src/Components/MobileFinancialPlanner.js","statementMap":{"0":{"start":{"line":14,"column":31},"end":{"line":409,"column":1}},"1":{"start":{"line":16,"column":44},"end":{"line":16,"column":59}},"2":{"start":{"line":17,"column":48},"end":{"line":17,"column":63}},"3":{"start":{"line":20,"column":38},"end":{"line":20,"column":53}},"4":{"start":{"line":21,"column":44},"end":{"line":21,"column":56}},"5":{"start":{"line":24,"column":38},"end":{"line":24,"column":55}},"6":{"start":{"line":25,"column":54},"end":{"line":25,"column":66}},"7":{"start":{"line":26,"column":50},"end":{"line":26,"column":61}},"8":{"start":{"line":27,"column":48},"end":{"line":27,"column":60}},"9":{"start":{"line":28,"column":48},"end":{"line":28,"column":59}},"10":{"start":{"line":31,"column":44},"end":{"line":31,"column":56}},"11":{"start":{"line":32,"column":38},"end":{"line":32,"column":50}},"12":{"start":{"line":33,"column":68},"end":{"line":33,"column":83}},"13":{"start":{"line":34,"column":64},"end":{"line":34,"column":82}},"14":{"start":{"line":35,"column":44},"end":{"line":35,"column":55}},"15":{"start":{"line":37,"column":40},"end":{"line":37,"column":52}},"16":{"start":{"line":38,"column":36},"end":{"line":38,"column":51}},"17":{"start":{"line":39,"column":44},"end":{"line":39,"column":55}},"18":{"start":{"line":41,"column":26},"end":{"line":41,"column":38}},"19":{"start":{"line":42,"column":48},"end":{"line":47,"column":4}},"20":{"start":{"line":51,"column":28},"end":{"line":116,"column":3}},"21":{"start":{"line":52,"column":21},"end":{"line":52,"column":23}},"22":{"start":{"line":53,"column":18},"end":{"line":53,"column":19}},"23":{"start":{"line":54,"column":22},"end":{"line":54,"column":23}},"24":{"start":{"line":55,"column":21},"end":{"line":55,"column":22}},"25":{"start":{"line":56,"column":14},"end":{"line":56,"column":24}},"26":{"start":{"line":58,"column":24},"end":{"line":58,"column":63}},"27":{"start":{"line":59,"column":29},"end":{"line":59,"column":49}},"28":{"start":{"line":60,"column":31},"end":{"line":62,"column":67}},"29":{"start":{"line":64,"column":4},"end":{"line":112,"column":5}},"30":{"start":{"line":64,"column":20},"end":{"line":64,"column":21}},"31":{"start":{"line":65,"column":26},"end":{"line":65,"column":77}},"32":{"start":{"line":66,"column":30},"end":{"line":66,"column":45}},"33":{"start":{"line":68,"column":6},"end":{"line":76,"column":7}},"34":{"start":{"line":69,"column":8},"end":{"line":75,"column":9}},"35":{"start":{"line":70,"column":10},"end":{"line":70,"column":33}},"36":{"start":{"line":71,"column":10},"end":{"line":71,"column":48}},"37":{"start":{"line":74,"column":10},"end":{"line":74,"column":19}},"38":{"start":{"line":78,"column":6},"end":{"line":83,"column":7}},"39":{"start":{"line":79,"column":34},"end":{"line":79,"column":57}},"40":{"start":{"line":80,"column":8},"end":{"line":80,"column":43}},"41":{"start":{"line":81,"column":8},"end":{"line":81,"column":82}},"42":{"start":{"line":82,"column":8},"end":{"line":82,"column":43}},"43":{"start":{"line":82,"column":28},"end":{"line":82,"column":43}},"44":{"start":{"line":85,"column":6},"end":{"line":85,"column":31}},"45":{"start":{"line":86,"column":6},"end":{"line":86,"column":47}},"46":{"start":{"line":87,"column":6},"end":{"line":87,"column":39}},"47":{"start":{"line":90,"column":6},"end":{"line":99,"column":7}},"48":{"start":{"line":91,"column":33},"end":{"line":91,"column":97}},"49":{"start":{"line":92,"column":33},"end":{"line":92,"column":54}},"50":{"start":{"line":93,"column":8},"end":{"line":98,"column":9}},"51":{"start":{"line":94,"column":10},"end":{"line":94,"column":42}},"52":{"start":{"line":97,"column":10},"end":{"line":97,"column":26}},"53":{"start":{"line":101,"column":6},"end":{"line":109,"column":9}},"54":{"start":{"line":111,"column":6},"end":{"line":111,"column":12}},"55":{"start":{"line":114,"column":4},"end":{"line":114,"column":24}},"56":{"start":{"line":115,"column":4},"end":{"line":115,"column":41}},"57":{"start":{"line":118,"column":35},"end":{"line":141,"column":3}},"58":{"start":{"line":119,"column":28},"end":{"line":119,"column":91}},"59":{"start":{"line":119,"column":49},"end":{"line":119,"column":72}},"60":{"start":{"line":120,"column":44},"end":{"line":121,"column":67}},"61":{"start":{"line":123,"column":32},"end":{"line":123,"column":33}},"62":{"start":{"line":124,"column":26},"end":{"line":124,"column":41}},"63":{"start":{"line":126,"column":4},"end":{"line":130,"column":5}},"64":{"start":{"line":126,"column":17},"end":{"line":126,"column":43}},"65":{"start":{"line":127,"column":6},"end":{"line":127,"column":38}},"66":{"start":{"line":127,"column":32},"end":{"line":127,"column":38}},"67":{"start":{"line":128,"column":6},"end":{"line":128,"column":50}},"68":{"start":{"line":129,"column":6},"end":{"line":129,"column":30}},"69":{"start":{"line":132,"column":29},"end":{"line":132,"column":122}},"70":{"start":{"line":133,"column":40},"end":{"line":133,"column":104}},"71":{"start":{"line":135,"column":4},"end":{"line":140,"column":7}},"72":{"start":{"line":143,"column":2},"end":{"line":147,"column":113}},"73":{"start":{"line":144,"column":4},"end":{"line":144,"column":26}},"74":{"start":{"line":149,"column":23},"end":{"line":151,"column":3}},"75":{"start":{"line":150,"column":4},"end":{"line":150,"column":122}},"76":{"start":{"line":153,"column":2},"end":{"line":408,"column":4}}},"fnMap":{"0":{"name":"(anonymous_0)","decl":{"start":{"line":14,"column":31},"end":{"line":14,"column":32}},"loc":{"start":{"line":14,"column":37},"end":{"line":409,"column":1}},"line":14},"1":{"name":"(anonymous_1)","decl":{"start":{"line":51,"column":28},"end":{"line":51,"column":29}},"loc":{"start":{"line":51,"column":34},"end":{"line":116,"column":3}},"line":51},"2":{"name":"(anonymous_2)","decl":{"start":{"line":118,"column":35},"end":{"line":118,"column":36}},"loc":{"start":{"line":118,"column":51},"end":{"line":141,"column":3}},"line":118},"3":{"name":"(anonymous_3)","decl":{"start":{"line":119,"column":44},"end":{"line":119,"column":45}},"loc":{"start":{"line":119,"column":49},"end":{"line":119,"column":72}},"line":119},"4":{"name":"(anonymous_4)","decl":{"start":{"line":143,"column":12},"end":{"line":143,"column":13}},"loc":{"start":{"line":143,"column":18},"end":{"line":145,"column":3}},"line":143},"5":{"name":"(anonymous_5)","decl":{"start":{"line":149,"column":23},"end":{"line":149,"column":24}},"loc":{"start":{"line":149,"column":34},"end":{"line":151,"column":3}},"line":149}},"branchMap":{"0":{"loc":{"start":{"line":68,"column":6},"end":{"line":76,"column":7}},"type":"if","locations":[{"start":{"line":68,"column":6},"end":{"line":76,"column":7}},{"start":{},"end":{}}],"line":68},"1":{"loc":{"start":{"line":69,"column":8},"end":{"line":75,"column":9}},"type":"if","locations":[{"start":{"line":69,"column":8},"end":{"line":75,"column":9}},{"start":{"line":72,"column":15},"end":{"line":75,"column":9}}],"line":69},"2":{"loc":{"start":{"line":78,"column":6},"end":{"line":83,"column":7}},"type":"if","locations":[{"start":{"line":78,"column":6},"end":{"line":83,"column":7}},{"start":{},"end":{}}],"line":78},"3":{"loc":{"start":{"line":82,"column":8},"end":{"line":82,"column":43}},"type":"if","locations":[{"start":{"line":82,"column":8},"end":{"line":82,"column":43}},{"start":{},"end":{}}],"line":82},"4":{"loc":{"start":{"line":90,"column":6},"end":{"line":99,"column":7}},"type":"if","locations":[{"start":{"line":90,"column":6},"end":{"line":99,"column":7}},{"start":{},"end":{}}],"line":90},"5":{"loc":{"start":{"line":93,"column":8},"end":{"line":98,"column":9}},"type":"if","locations":[{"start":{"line":93,"column":8},"end":{"line":98,"column":9}},{"start":{"line":95,"column":15},"end":{"line":98,"column":9}}],"line":93},"6":{"loc":{"start":{"line":108,"column":19},"end":{"line":108,"column":120}},"type":"cond-expr","locations":[{"start":{"line":108,"column":40},"end":{"line":108,"column":116}},{"start":{"line":108,"column":119},"end":{"line":108,"column":120}}],"line":108},"7":{"loc":{"start":{"line":119,"column":28},"end":{"line":119,"column":91}},"type":"binary-expr","locations":[{"start":{"line":119,"column":28},"end":{"line":119,"column":86}},{"start":{"line":119,"column":90},"end":{"line":119,"column":91}}],"line":119},"8":{"loc":{"start":{"line":127,"column":6},"end":{"line":127,"column":38}},"type":"if","locations":[{"start":{"line":127,"column":6},"end":{"line":127,"column":38}},{"start":{},"end":{}}],"line":127}},"s":{"0":1,"1":10,"2":10,"3":10,"4":10,"5":10,"6":10,"7":10,"8":10,"9":10,"10":10,"11":10,"12":10,"13":10,"14":10,"15":10,"16":10,"17":10,"18":10,"19":10,"20":10,"21":5,"22":5,"23":5,"24":5,"25":5,"26":5,"27":5,"28":5,"29":5,"30":5,"31":305,"32":305,"33":305,"34":5,"35":1,"36":1,"37":4,"38":301,"39":21,"40":21,"41":21,"42":21,"43":1,"44":301,"45":301,"46":301,"47":301,"48":151,"49":151,"50":151,"51":151,"52":0,"53":301,"54":301,"55":5,"56":5,"57":10,"58":5,"59":155,"60":5,"61":5,"62":5,"63":5,"64":5,"65":151,"66":0,"67":151,"68":151,"69":5,"70":5,"71":5,"72":10,"73":5,"74":10,"75":30,"76":10},"f":{"0":10,"1":5,"2":5,"3":155,"4":5,"5":30},"b":{"0":[5,300],"1":[1,4],"2":[21,280],"3":[1,20],"4":[151,150],"5":[151,0],"6":[151,150],"7":[5,0],"8":[0,151]},"_coverageSchema":"1a1c01bbd47fc00a2c39e90264f33305004495a9","hash":"3d810dae3a08ca03e18817417315cf15461a1a80"}}}
